Version.......................................................... : 2.6 from 29 Jan 2020
Run at........................................................... : isabelsmacbookpro.local on Thu Oct 16 14:25:52 2025
Command-line arguments........................................... : /Users/isabelvinterbladh/Downloads/Pepsi-SAXS SASDAC2_fit1_model1.pdb 
========================Reading PDB file=========================
Read PDB file.................................................... : SASDAC2_fit1_model1.pdb
Number of chains read............................................ : 2
Number of atoms read............................................. : 1001
====================Analysing input PDB data=====================
Geometric center at.............................................. : [-0.533295 A, 20.6038 A, 19.2016 A]
Radius of gyration............................................... : 13.9619 A
Maximum extension from the center................................ : 26.1622 A
Number of residues............................................... : 129
Chemical formula................................................. : C613H965N193O185S10
Expected formula................................................. : C613H965N193O184S10 (different by 0.10%)
Total molecular weight........................................... : 14.2951 kDa
Molecular concentration.......................................... : 1 mg/mL
Intensity scaling................................................ : 3.34523e-09
==================Computing the hydration layer==================
Accessible solvent radius........................................ : 3 A
Width of the hydration shell..................................... : 3 A
Number of points in the hydration shell.......................... : 358
Radius of gyration of the hydration shell........................ : 21.7939 A
Radius of gyration of the envelope............................... : 16.2243 A
=========================Initialization==========================
Angular units.................................................... : 1/A, q = 4pi sin(theta)/lambda
Maximum scattering angle......................................... : 0.5
Estimated resolution............................................. : 12.5664 A
Number of points in the output curve............................. : 101
Maximum number of processors..................................... : 12
Number of processors online...................................... : 12
Number of processors used........................................ : 12
Estimated minimal expansion order of spherical harmonics......... : 11
Actually used order of spherical harmonics....................... : 11
====================Initializing form factors====================
Number of X-ray atom groups used................................. : 69
==========Computing amplitudes for the hydration shell===========
=========Computing atomic and excluded volume amplitudes=========
Number of atomic groups.......................................... : 1001
Average radius of the atomic group............................... : 1.61072 A
Total number of electrons........................................ : 7612.97
Displaced (Dry) Volume........................................... : 17522.1 A^3
======================Computing intensities======================
Bulk SLD......................................................... : 3.34 x10e-6/A^2
Simulated contrast of the solvation shell........................ : 5.50898 %
d_rho............................................................ : 0.0184 e/A^3
r0............................................................... : 1.61072 A^3
======================Computing intensities======================
Bulk SLD......................................................... : 3.34 x10e-6/A^2
=====================Writing the output file=====================
Output file name................................................. : SASDAC2_fit1_model1.out
Log file name.................................................... : SASDAC2_fit1_model1.log
=================================================================
=========================== Timing : ============================
=================================================================
Parsing arguments................................................ : 0.00338488 s
Reading PDB file................................................. : 0.00160457 s
Analysing input PDB data......................................... : 0.00196018 s
Computing the hydration layer.................................... : 0.00105334 s
Initialization................................................... : 0.000256742 s
Initializing form factors........................................ : 0.00123975 s
Computing amplitudes for the hydration shell..................... : 0.0022915 s
Computing atomic and excluded volume amplitudes.................. : 0.00702505 s
Computing intensities............................................ : 2.9832e-05 s
Computing intensities............................................ : 3.1874e-05 s
Writing the output file.......................................... : 0.000462359 s
.................................................................
Total time : .................................................... : 0.0193424 s
=================================================================
