# Pepsi-SAXS version 2.6 from 29 Jan 2020
# Run at isabelsmacbookpro.local on Thu Oct 16 14:25:52 2025
# Command-line arguments: /Users/isabelvinterbladh/Downloads/Pepsi-SAXS SASDAC2_fit1_model1.pdb 
# Intensities are written in cm-1
# r0:   1.61 d_rho:   0.06
#     q                   I                 Iat                 Iev                 Ihs            <AatAev>            <AatAhs>            <AevAhs>
0.000000          1.10805145e-02      1.93880811e-01      1.14575889e-01      1.18036144e-05     -2.98087680e-01      3.02555405e-03     -2.32586295e-03
0.005000          1.10258359e-02      1.92969605e-01      1.14038127e-01      1.16663965e-05     -2.96687563e-01      3.00097623e-03     -2.30697592e-03
0.010000          1.09617540e-02      1.91901064e-01      1.13407536e-01      1.15078207e-05     -2.95045724e-01      2.97233860e-03     -2.28496909e-03
0.015000          1.08788656e-02      1.90517852e-01      1.12591288e-01      1.13065291e-05     -2.92920440e-01      2.93558136e-03     -2.25672264e-03
0.020000          1.07677674e-02      1.88662634e-01      1.11496554e-01      1.10411639e-05     -2.90069990e-01      2.88664468e-03     -2.21911677e-03
0.025000          1.06190887e-02      1.86178617e-01      1.10030826e-01      1.06904552e-05     -2.86253485e-01      2.82148395e-03     -2.16904332e-03
0.030000          1.04279192e-02      1.82983054e-01      1.08145301e-01      1.02451426e-05     -2.81343822e-01      2.73812927e-03     -2.10498841e-03
0.035000          1.01982994e-02      1.79141802e-01      1.05878896e-01      9.72006792e-06     -2.75442256e-01      2.63877443e-03     -2.02863756e-03
0.040000          9.93534001e-03      1.74738480e-01      1.03281008e-01      9.13295338e-06     -2.68677333e-01      2.52611085e-03     -1.94205870e-03
0.045000          9.64415138e-03      1.69856706e-01      1.00401036e-01      8.50152140e-06     -2.61177602e-01      2.40282999e-03     -1.84731976e-03
0.050000          9.32979383e-03      1.64579263e-01      9.72878850e-02      7.84333494e-06     -2.53070327e-01      2.27159951e-03     -1.74647040e-03
0.055000          8.99603223e-03      1.58967393e-01      9.39777294e-02      7.17184647e-06     -2.44449648e-01      2.13447435e-03     -1.64108912e-03
0.060000          8.64525302e-03      1.53059416e-01      9.04931975e-02      6.49613445e-06     -2.35374461e-01      1.99285742e-03     -1.53225306e-03
0.065000          8.27977580e-03      1.46892539e-01      8.68562610e-02      5.82506521e-06     -2.25901954e-01      1.84812000e-03     -1.42101504e-03
0.070000          7.90192017e-03      1.40503970e-01      8.30888910e-02      5.16750510e-06     -2.16089314e-01      1.70163338e-03     -1.30842788e-03
0.075000          7.51405051e-03      1.33931726e-01      7.92135317e-02      4.53213878e-06     -2.05994964e-01      1.55477009e-03     -1.19554537e-03
0.080000          7.11897127e-03      1.27221766e-01      7.52572695e-02      3.92586630e-06     -1.95689475e-01      1.40891490e-03     -1.08343058e-03
0.085000          6.71973665e-03      1.20424560e-01      7.12498263e-02      3.35457476e-06     -1.85250311e-01      1.26545954e-03     -9.73151904e-04
0.090000          6.31940374e-03      1.13590626e-01      6.72209540e-02      2.82413964e-06     -1.74755018e-01      1.12579580e-03     -8.65777767e-04
0.095000          5.92102962e-03      1.06770486e-01      6.32004045e-02      2.34043642e-06     -1.64281140e-01      9.91315498e-04     -7.62376613e-04
0.100000          5.52750736e-03      1.00012123e-01      5.92164244e-02      1.90832752e-06     -1.53902312e-01      8.63284502e-04     -6.63920259e-04
0.105000          5.14097309e-03      9.33518119e-02      5.52903123e-02      1.52800008e-06     -1.43674132e-01      7.42387538e-04     -5.70934605e-04
0.110000          4.76334473e-03      8.68224542e-02      5.14413639e-02      1.19829337e-06     -1.33646996e-01      6.29141789e-04     -4.83816996e-04
0.115000          4.39654017e-03      8.04569496e-02      4.76888744e-02      9.18046538e-07     -1.23871302e-01      5.24064422e-04     -4.02964768e-04
0.120000          4.04247604e-03      7.42881785e-02      4.40521278e-02      6.86094809e-07     -1.14397414e-01      4.27671809e-04     -3.28774644e-04
0.125000          3.70276863e-03      6.83442854e-02      4.05476147e-02      5.00329272e-07     -1.05268424e-01      3.40289409e-04     -2.61497122e-04
0.130000          3.37834583e-03      6.26425617e-02      3.71854250e-02      3.56477441e-07     -9.65107549e-02      2.61805186e-04     -2.01047599e-04
0.135000          3.07003955e-03      5.71987853e-02      3.39747554e-02      2.49965024e-07     -8.81485025e-02      1.92046074e-04     -1.47294731e-04
0.140000          2.77868167e-03      5.20287338e-02      3.09248029e-02      1.76217726e-07     -8.02057631e-02      1.30839005e-04     -1.00107169e-04
0.145000          2.50509075e-03      4.71479646e-02      2.80446355e-02      1.30663335e-07     -7.27062961e-02      7.80055327e-05     -5.93494459e-05
0.150000          2.24964458e-03      4.25647608e-02      2.53390580e-02      1.08798403e-07     -6.56627225e-02      3.31893765e-05     -2.47498948e-05
0.155000          2.01218977e-03      3.82786388e-02      2.28077379e-02      1.06202350e-07     -5.90742404e-02     -4.18005542e-06      4.12728853e-06
0.160000          1.79254132e-03      3.42885930e-02      2.04500367e-02      1.18459530e-07     -5.29392484e-02     -3.46861143e-05      2.77276804e-05
0.165000          1.59051422e-03      3.05936176e-02      1.82653161e-02      1.41154299e-07     -4.72561454e-02     -5.89121514e-05      4.64968573e-05
0.170000          1.40589418e-03      2.71921903e-02      1.62526368e-02      1.69984333e-07     -4.20225413e-02     -7.74433916e-05      6.08818651e-05
0.175000          1.23812652e-03      2.40767784e-02      1.44075638e-02      2.01964683e-07     -3.72268776e-02     -9.08868395e-05      7.13468312e-05
0.180000          1.08643694e-03      2.12359723e-02      1.27234064e-02      2.34960315e-07     -3.28516800e-02     -9.98635506e-05      7.83669039e-05
0.185000          9.50047501e-04      1.86582976e-02      1.11934364e-02      2.66850362e-07     -2.88793759e-02     -1.04994815e-04      8.24174149e-05
0.190000          8.28180242e-04      1.63322798e-02      9.81092577e-03      2.95513958e-07     -2.52923926e-02     -1.06901923e-04      8.39736959e-05
0.195000          7.20035958e-04      1.42459761e-02      8.56887689e-03      3.19088289e-07     -2.20724466e-02     -1.06183285e-04      8.34937179e-05
0.200000          6.24702112e-04      1.23849465e-02      7.45885661e-03      3.37086181e-07     -1.91974656e-02     -1.03315344e-04      8.13429051e-05
0.205000          5.41228557e-04      1.07339218e-02      6.47195531e-03      3.49477011e-07     -1.66441199e-02     -9.87340662e-05      7.78559670e-05
0.210000          4.68665121e-04      9.27763266e-03      5.59926302e-03      3.56230457e-07     -1.43890790e-02     -9.28753887e-05      7.33675926e-05
0.215000          4.06061693e-04      8.00081012e-03      4.83187015e-03      3.57316600e-07     -1.24090131e-02     -8.61751370e-05      6.82123850e-05
0.220000          3.52499009e-04      6.88850231e-03      4.16105617e-03      3.52910360e-07     -1.06810819e-02     -7.90116123e-05      6.26811254e-05
0.225000          3.07138751e-04      5.92658914e-03      3.57859662e-03      3.43724160e-07     -9.18372817e-03     -7.16121731e-05      5.69496070e-05
0.230000          2.69155717e-04      5.10108533e-03      3.07634739e-03      3.30557516e-07     -7.89560283e-03     -6.41797185e-05      5.11749899e-05
0.235000          2.37724706e-04      4.39800557e-03      2.64616440e-03      3.14209948e-07     -6.79535676e-03     -5.69171481e-05      4.55144345e-05
0.240000          2.12022765e-04      3.80339833e-03      2.27992326e-03      2.95479473e-07     -5.86169240e-03     -5.00258275e-05      4.01239258e-05
0.245000          1.91325071e-04      3.30478529e-03      1.97035871e-03      2.75098632e-07     -5.07556199e-03     -4.36401989e-05      3.51081691e-05
0.250000          1.75040843e-04      2.89170040e-03      1.71137905e-03      2.53710529e-07     -4.42099084e-03     -3.78032928e-05      3.05018258e-05
0.255000          1.62588949e-04      2.55382249e-03      1.49697706e-03      2.31951832e-07     -3.88222550e-03     -3.25515581e-05      2.63345142e-05
0.260000          1.53388257e-04      2.28083039e-03      1.32114552e-03      2.10459207e-07     -3.44351252e-03     -2.79214441e-05      2.26358529e-05
0.265000          1.46866842e-04      2.06255612e-03      1.17796641e-03      1.89852164e-07     -3.08933229e-03     -2.39463468e-05      1.94330961e-05
0.270000          1.42580671e-04      1.89095923e-03      1.06276077e-03      1.70511939e-07     -2.80741324e-03     -2.06172548e-05      1.67206590e-05
0.275000          1.40179341e-04      1.75955687e-03      9.71756724e-04      1.52645324e-07     -2.58786171e-03     -1.78941101e-05      1.44689147e-05
0.280000          1.39314594e-04      1.66190192e-03      9.01203212e-04      1.36455110e-07     -2.42083853e-03     -1.57361431e-05      1.26476856e-05
0.285000          1.39638174e-04      1.59154721e-03      8.47349156e-04      1.22144091e-07     -2.29650455e-03     -1.41025842e-05      1.12267941e-05
0.290000          1.40819379e-04      1.54236031e-03      8.06627069e-04      1.09884316e-07     -2.20550166e-03     -1.29509237e-05      1.01746957e-05
0.295000          1.42635845e-04      1.51015088e-03      7.76602410e-04      9.96580976e-08     -2.14144060e-03     -1.22279133e-05      9.45141200e-06
0.300000          1.44906497e-04      1.49146868e-03      7.55272398e-04      9.13754427e-08     -2.09906349e-03     -1.18762120e-05      9.01375051e-06
0.305000          1.47450341e-04      1.48286495e-03      7.40635103e-04      8.49462154e-08     -2.07311470e-03     -1.18384708e-05      8.81851230e-06
0.310000          1.50086399e-04      1.48089121e-03      7.30688760e-04      8.02802628e-08     -2.05833901e-03     -1.20573423e-05      8.82249969e-06
0.315000          1.52656571e-04      1.48252780e-03      7.23680864e-04      7.72620796e-08     -2.05013589e-03     -1.24778919e-05      8.98442861e-06
0.320000          1.55071704e-04      1.48604718e-03      7.18609962e-04      7.56997696e-08     -2.04587747e-03     -1.30524545e-05      9.26878068e-06
0.325000          1.57255574e-04      1.48996419e-03      7.14615491e-04      7.53871069e-08     -2.04330588e-03     -1.37347285e-05      9.64111912e-06
0.330000          1.59131960e-04      1.49279366e-03      7.10836885e-04      7.61178653e-08     -2.04016330e-03     -1.44784127e-05      1.00670072e-05
0.335000          1.60625041e-04      1.49305771e-03      7.06417707e-04      7.76858142e-08     -2.03420283e-03     -1.52373350e-05      1.05121086e-05
0.340000          1.61683044e-04      1.48971487e-03      7.00749044e-04      7.98844439e-08     -2.02383579e-03     -1.59730875e-05      1.09481217e-05
0.345000          1.62291475e-04      1.48240016e-03      6.93605654e-04      8.25068123e-08     -2.00849365e-03     -1.66592970e-05      1.13560985e-05
0.350000          1.62439045e-04      1.47080676e-03      6.84795297e-04      8.53459403e-08     -1.98769563e-03     -1.72706252e-05      1.17178954e-05
0.355000          1.62114466e-04      1.45462788e-03      6.74125734e-04      8.81948486e-08     -1.96096098e-03     -1.77817341e-05      1.20153689e-05
0.360000          1.61307721e-04      1.43357685e-03      6.61415474e-04      9.08495365e-08     -1.92783835e-03     -1.81679996e-05      1.22309022e-05
0.365000          1.60030137e-04      1.40770523e-03      6.46663572e-04      9.31560328e-08     -1.88837075e-03     -1.84167919e-05      1.23557227e-05
0.370000          1.58310752e-04      1.37734528e-03      6.30018894e-04      9.50018792e-08     -1.84301139e-03     -1.85254338e-05      1.23883970e-05
0.375000          1.56179141e-04      1.34283772e-03      6.11634842e-04      9.62758739e-08     -1.79222586e-03     -1.84915491e-05      1.23277136e-05
0.380000          1.53664879e-04      1.30452329e-03      5.91664816e-04      9.68668150e-08     -1.73647979e-03     -1.83127618e-05      1.21724611e-05
0.385000          1.50799256e-04      1.26276429e-03      5.70272431e-04      9.66768453e-08     -1.67626838e-03     -1.79882370e-05      1.19224813e-05
0.390000          1.47625879e-04      1.21807760e-03      5.47694525e-04      9.57037697e-08     -1.61229893e-03     -1.75281883e-05      1.15851655e-05
0.395000          1.44193724e-04      1.17104758e-03      5.24199891e-04      9.39871372e-08     -1.54537128e-03     -1.69476503e-05      1.11711993e-05
0.400000          1.40551792e-04      1.12225884e-03      5.00057454e-04      9.15666711e-08     -1.47628567e-03     -1.62616776e-05      1.06912821e-05
0.405000          1.36749082e-04      1.07229602e-03      4.75536137e-04      8.84820961e-08     -1.40584235e-03     -1.54853252e-05      1.01561135e-05
0.410000          1.32834506e-04      1.02173334e-03      4.50897762e-04      8.47927945e-08     -1.33482364e-03     -1.46347087e-05      9.57695879e-06
0.415000          1.28856678e-04      9.71108947e-04      4.26379513e-04      8.06263335e-08     -1.26394983e-03     -1.37296234e-05      8.96704704e-06
0.420000          1.24864143e-04      9.20953173e-04      4.02213237e-04      7.61250550e-08     -1.19392776e-03     -1.27906619e-05      8.34003253e-06
0.425000          1.20905449e-04      8.71796350e-04      3.78630779e-04      7.14313005e-08     -1.12546426e-03     -1.18384168e-05      7.70956961e-06
0.430000          1.17029051e-04      8.24167617e-04      3.55863417e-04      6.66872971e-08     -1.05926451e-03     -1.08934480e-05      7.08928834e-06
0.435000          1.13275427e-04      7.78492372e-04      3.34092948e-04      6.20252682e-08     -9.95889149e-04     -9.97347189e-06      6.49070320e-06
0.440000          1.09670999e-04      7.35013235e-04      3.13413985e-04      5.75598134e-08     -9.35644188e-04     -9.09119495e-06      5.92160140e-06
0.445000          1.06240759e-04      6.93954223e-04      2.93912271e-04      5.34037384e-08     -8.78809716e-04     -8.25881358e-06      5.38939074e-06
0.450000          1.03009700e-04      6.55539351e-04      2.75673545e-04      4.96698486e-08     -8.25665821e-04     -7.48852422e-06      4.90147899e-06
0.455000          1.00002668e-04      6.19990043e-04      2.58782336e-04      4.64683243e-08     -7.76488992e-04     -6.79229964e-06      4.46511215e-06
0.460000          9.72415013e-05      5.87474311e-04      2.43298149e-04      4.38552150e-08     -7.31481513e-04     -6.17750040e-06      4.08419953e-06
0.465000          9.47452111e-05      5.58109969e-04      2.29256976e-04      4.18356997e-08     -6.90775931e-04     -5.64715271e-06      3.75951484e-06
0.470000          9.25326991e-05      5.32012885e-04      2.16693895e-04      4.04129850e-08     -6.54502089e-04     -5.20411468e-06      3.49171015e-06
0.475000          9.06228670e-05      5.09298926e-04      2.05643987e-04      3.95902774e-08     -6.22789829e-04     -4.85124446e-06      3.28143758e-06
0.480000          8.90281755e-05      4.90020828e-04      1.96115648e-04      3.93611976e-08     -5.95686321e-04     -4.58973891e-06      3.12839806e-06
0.485000          8.77071963e-05      4.73703132e-04      1.87894043e-04      3.96391661e-08     -5.72547056e-04     -4.40689608e-06      3.02433467e-06
0.490000          8.65916488e-05      4.59607181e-04      1.80653099e-04      4.02976403e-08     -5.52382866e-04     -4.28308831e-06      2.95702514e-06
0.495000          8.56130558e-05      4.46992395e-04      1.74065928e-04      4.12097850e-08     -5.34202059e-04     -4.19863725e-06      2.91421819e-06
0.500000          8.47029399e-05      4.35118191e-04      1.67805645e-04      4.22487648e-08     -5.17012943e-04     -4.13386454e-06      2.88366254e-06
