# Pepsi-SAXS version 2.6 from 29 Jan 2020
# Run at isabelsmacbookpro.local on Thu Oct 16 14:26:02 2025
# Command-line arguments: /Users/isabelvinterbladh/Downloads/Pepsi-SAXS SASDAH2_fit1_model1.pdb 
# Intensities are written in cm-1
# r0:   1.62 d_rho:   0.06
#     q                   I                 Iat                 Iev                 Ihs            <AatAev>            <AatAhs>            <AevAhs>
0.000000          1.18866213e-02      2.40062626e-01      1.48066692e-01      1.48862559e-05     -3.77069112e-01      3.78081138e-03     -2.96928184e-03
0.005000          1.18207608e-02      2.38834279e-01      1.47316654e-01      1.47047290e-05     -3.75149326e-01      3.74819517e-03     -2.94374597e-03
0.010000          1.17413649e-02      2.37352019e-01      1.46411522e-01      1.44890533e-05     -3.72832631e-01      3.70910580e-03     -2.91314021e-03
0.015000          1.16348980e-02      2.35361935e-01      1.45196201e-01      1.42050798e-05     -3.69722119e-01      3.65707012e-03     -2.87239468e-03
0.020000          1.14878246e-02      2.32610114e-01      1.43515596e-01      1.38186597e-05     -3.65420880e-01      3.58561495e-03     -2.81643950e-03
0.025000          1.12875724e-02      2.28860504e-01      1.41225513e-01      1.32984829e-05     -3.59559912e-01      3.48875923e-03     -2.74058991e-03
0.030000          1.10333756e-02      2.24095979e-01      1.38315377e-01      1.26480383e-05     -3.52112300e-01      3.36655414e-03     -2.64488222e-03
0.035000          1.07323859e-02      2.18446221e-01      1.34864215e-01      1.18941503e-05     -3.43280521e-01      3.22309592e-03     -2.53251858e-03
0.040000          1.03919008e-02      2.12043622e-01      1.30952706e-01      1.10640738e-05     -3.33271286e-01      3.06255547e-03     -2.40675956e-03
0.045000          1.00191996e-02      2.05020227e-01      1.26661319e-01      1.01850020e-05     -3.22290767e-01      2.88909416e-03     -2.27085826e-03
0.050000          9.62017563e-03      1.97482224e-01      1.22054710e-01      9.27951162e-06     -3.10504689e-01      2.70616237e-03     -2.12751117e-03
0.055000          9.19840069e-03      1.89492479e-01      1.17171044e-01      8.36244513e-06     -2.98011021e-01      2.51601931e-03     -1.97848220e-03
0.060000          8.75722518e-03      1.81109724e-01      1.12045958e-01      7.44790728e-06     -2.84901269e-01      2.32081054e-03     -1.82544629e-03
0.065000          8.29999945e-03      1.72392695e-01      1.06715089e-01      6.55000280e-06     -2.71266938e-01      2.12268162e-03     -1.67007841e-03
0.070000          7.83024343e-03      1.63403601e-01      1.01216201e-01      5.68229668e-06     -2.57204970e-01      1.92379988e-03     -1.51407105e-03
0.075000          7.35224977e-03      1.54220511e-01      9.55967415e-02      4.85589379e-06     -2.42837094e-01      1.72643171e-03     -1.35919668e-03
0.080000          6.87053118e-03      1.44926007e-01      8.99069154e-02      4.08119851e-06     -2.28292094e-01      1.53287173e-03     -1.20725054e-03
0.085000          6.38960039e-03      1.35602671e-01      8.41969289e-02      3.36861515e-06     -2.13698755e-01      1.34541456e-03     -1.06002790e-03
0.090000          5.91391068e-03      1.26332103e-01      7.85163922e-02      2.72813126e-06     -1.99184333e-01      1.16630504e-03     -9.19285248e-04
0.095000          5.44705577e-03      1.17181696e-01      7.29062989e-02      2.16370821e-06     -1.84853952e-01      9.97068125e-04     -7.86218710e-04
0.100000          4.99198268e-03      1.08208152e-01      6.74011598e-02      1.67477343e-06     -1.70796088e-01      8.38687177e-04     -6.61602813e-04
0.105000          4.55162264e-03      9.94679126e-02      6.20353275e-02      1.26064363e-06     -1.57098809e-01      6.92132316e-04     -5.46201788e-04
0.110000          4.12890208e-03      9.10173394e-02      5.68431057e-02      9.20616451e-07     -1.43850057e-01      5.58370270e-04     -4.40777217e-04
0.115000          3.72622514e-03      8.29039941e-02      5.18534896e-02      6.51913614e-07     -1.31124105e-01      4.37997489e-04     -3.45802479e-04
0.120000          3.34501140e-03      7.51588518e-02      4.70854671e-02      4.47843430e-07     -1.18969460e-01      3.30912411e-04     -2.61207643e-04
0.125000          2.98657136e-03      6.78110496e-02      4.25569174e-02      3.01280669e-07     -1.07431770e-01      2.36936143e-04     -1.86862589e-04
0.130000          2.65221551e-03      6.08897249e-02      3.82857197e-02      2.05100099e-07     -9.65566867e-02      1.55889791e-04     -1.22637199e-04
0.135000          2.34304837e-03      5.44203240e-02      3.42875278e-02      1.52081522e-07     -8.63841271e-02      8.74960314e-05     -6.83244352e-05
0.140000          2.05910374e-03      4.84091077e-02      3.05664280e-02      1.34511061e-07     -7.69242149e-02      3.09658842e-05     -2.33174274e-05
0.145000          1.80006861e-03      4.28561222e-02      2.71227595e-02      1.44514937e-07     -6.81774224e-02     -1.46553632e-05      1.31202026e-05
0.150000          1.56562980e-03      3.77614105e-02      2.39568597e-02      1.74219290e-07     -6.01442170e-02     -5.03225075e-05      4.17248997e-05
0.155000          1.35544329e-03      3.31244127e-02      2.10687023e-02      2.15860882e-07     -5.28241295e-02     -7.69948132e-05      6.32367388e-05
0.160000          1.16863384e-03      2.89341775e-02      1.84519928e-02      2.63583250e-07     -4.62005499e-02     -9.57085471e-05      7.84583555e-05
0.165000          1.00387817e-03      2.51709894e-02      1.60951501e-02      3.13138057e-07     -4.02432547e-02     -1.07564918e-04      8.82451485e-05
0.170000          8.59838981e-04      2.18148586e-02      1.39864274e-02      3.60327318e-07     -3.49215944e-02     -1.13667167e-04      9.34541683e-05
0.175000          7.35178424e-04      1.88457809e-02      1.21140695e-02      4.00960193e-07     -3.02048970e-02     -1.15118001e-04      9.49420595e-05
0.180000          6.28464720e-04      1.62412807e-02      1.04648098e-02      4.32071692e-07     -2.60586256e-02     -1.12928130e-04      9.34957840e-05
0.185000          5.38066470e-04      1.39736301e-02      9.02217034e-03      4.53302186e-07     -2.24400288e-02     -1.07912741e-04      8.97542041e-05
0.190000          4.62326739e-04      1.20144293e-02      7.76926219e-03      4.64625312e-07     -1.93053046e-02     -1.00862008e-04      8.43372378e-05
0.195000          3.99588591e-04      1.03352785e-02      6.68919654e-03      4.66014703e-07     -1.66106512e-02     -9.25661093e-05      7.78648031e-05
0.200000          3.48223367e-04      8.90799834e-03      5.76520024e-03      4.57653617e-07     -1.43125864e-02     -8.37638539e-05      7.09173811e-05
0.205000          3.06770307e-04      7.70571857e-03      4.98118718e-03      4.40970125e-07     -1.23695287e-02     -7.48890245e-05      6.38412604e-05
0.210000          2.73830391e-04      6.70205038e-03      4.32132382e-03      4.17850006e-07     -1.07405950e-02     -6.62632466e-05      5.68966191e-05
0.215000          2.48004692e-04      5.87060565e-03      3.76977705e-03      3.90179747e-07     -9.38490371e-03     -5.82079724e-05      5.03435020e-05
0.220000          2.27907013e-04      5.18518505e-03      3.31082270e-03      3.59832672e-07     -8.26185972e-03     -5.10363725e-05      4.44355205e-05
0.225000          2.12416064e-04      4.62351791e-03      2.93100463e-03      3.28408166e-07     -7.33683802e-03     -4.48892649e-05      3.92923953e-05
0.230000          2.00660852e-04      4.16704561e-03      2.61900965e-03      2.97246774e-07     -6.58085438e-03     -3.97446186e-05      3.49073387e-05
0.235000          1.91780192e-04      3.79735492e-03      2.36360850e-03      2.67678904e-07     -5.96514549e-03     -3.55740235e-05      3.12686080e-05
0.240000          1.84913356e-04      3.49604055e-03      2.15357655e-03      2.41033729e-07     -5.46096019e-03     -3.23489618e-05      2.83643725e-05
0.245000          1.79339350e-04      3.24710447e-03      1.97909539e-03      2.18265013e-07     -5.04322679e-03     -3.00081594e-05      2.61561664e-05
0.250000          1.74672732e-04      3.04032945e-03      1.83372349e-03      1.99425020e-07     -4.69570951e-03     -2.84116813e-05      2.45415618e-05
0.255000          1.70577390e-04      2.86634816e-03      1.71151578e-03      1.84433474e-07     -4.40347168e-03     -2.74080275e-05      2.34087270e-05
0.260000          1.66717218e-04      2.71579330e-03      1.60652722e-03      1.73210095e-07     -4.15157664e-03     -2.68456979e-05      2.26458300e-05
0.265000          1.62787485e-04      2.57992679e-03      1.51318648e-03      1.65608675e-07     -3.92605761e-03     -2.65778630e-05      2.21440749e-05
0.270000          1.58696895e-04      2.45429043e-03      1.42846419e-03      1.61034579e-07     -3.71954461e-03     -2.64894599e-05      2.18153134e-05
0.275000          1.54443030e-04      2.33620825e-03      1.35038950e-03      1.58706435e-07     -3.52741477e-03     -2.64786541e-05      2.15799953e-05
0.280000          1.50023763e-04      2.22301015e-03      1.27699505e-03      1.57842255e-07     -3.34505422e-03     -2.64436546e-05      2.13585989e-05
0.285000          1.45438985e-04      2.11208449e-03      1.20635002e-03      1.57666066e-07     -3.16794164e-03     -2.62844640e-05      2.10729167e-05
0.290000          1.40740031e-04      2.00231239e-03      1.13745648e-03      1.57555395e-07     -2.99391783e-03     -2.59468685e-05      2.06782940e-05
0.295000          1.36032684e-04      1.89415485e-03      1.07030383e-03      1.57050227e-07     -2.82332352e-03     -2.54251100e-05      2.01655870e-05
0.300000          1.31425345e-04      1.78814874e-03      1.00492890e-03      1.55698354e-07     -2.65661959e-03     -2.47157588e-05      1.95273580e-05
0.305000          1.27026400e-04      1.68483113e-03      9.41368670e-04      1.53047810e-07     -2.49426723e-03     -2.38154047e-05      1.87561845e-05
0.310000          1.22934520e-04      1.58484170e-03      8.79759380e-04      1.48802816e-07     -2.33693654e-03     -2.27332832e-05      1.78544568e-05
0.315000          1.19221962e-04      1.48909926e-03      8.20507188e-04      1.43092365e-07     -2.18586581e-03     -2.15130222e-05      1.68512519e-05
0.320000          1.15956535e-04      1.39856961e-03      7.64063707e-04      1.36116982e-07     -2.04238900e-03     -2.02040409e-05      1.57801408e-05
0.325000          1.13206047e-04      1.31421857e-03      7.10880549e-04      1.28077192e-07     -1.90784008e-03     -1.88557588e-05      1.46746945e-05
0.330000          1.11031381e-04      1.23694488e-03      6.61381569e-04      1.19191903e-07     -1.78346564e-03     -1.75166265e-05      1.35680069e-05
0.335000          1.09439262e-04      1.16712308e-03      6.15773619e-04      1.09823730e-07     -1.66982918e-03     -1.62275217e-05      1.24894410e-05
0.340000          1.08410938e-04      1.10488101e-03      5.74161448e-04      1.00402905e-07     -1.56717277e-03     -1.50257591e-05      1.14666045e-05
0.345000          1.07927507e-04      1.05034509e-03      5.36649209e-04      9.13600533e-08     -1.47573662e-03     -1.39486325e-05      1.05270948e-05
0.350000          1.07969306e-04      1.00363069e-03      5.03335610e-04      8.31218364e-08     -1.39574537e-03     -1.30328727e-05      9.69812514e-06
0.355000          1.08492364e-04      9.64499853e-04      4.74145398e-04      7.59883148e-08     -1.32692629e-03     -1.22972303e-05      8.99464042e-06
0.360000          1.09423888e-04      9.32295698e-04      4.48797050e-04      7.01094364e-08     -1.26841687e-03     -1.17391364e-05      8.41703852e-06
0.365000          1.10689414e-04      9.06337044e-04      4.26997079e-04      6.56264402e-08     -1.21932042e-03     -1.13547853e-05      7.96487340e-06
0.370000          1.12214476e-04      8.85942689e-04      4.08451984e-04      6.26805237e-08     -1.17874021e-03     -1.11403681e-05      7.63769690e-06
0.375000          1.13924737e-04      8.70390577e-04      3.92842794e-04      6.13325410e-08     -1.14571453e-03     -1.10863879e-05      7.43095098e-06
0.380000          1.15746260e-04      8.58832538e-04      3.79771903e-04      6.13953024e-08     -1.11908118e-03     -1.11657861e-05      7.32738931e-06
0.385000          1.17605182e-04      8.50396138e-04      3.68826580e-04      6.26339008e-08     -1.09763937e-03     -1.13481258e-05      7.30732463e-06
0.390000          1.19427640e-04      8.44208941e-04      3.59594092e-04      6.48134289e-08     -1.08018831e-03     -1.16029700e-05      7.35106966e-06
0.395000          1.21142382e-04      8.39421174e-04      3.51670800e-04      6.76941752e-08     -1.06555617e-03     -1.19001507e-05      7.43903798e-06
0.400000          1.22701708e-04      8.35387596e-04      3.44735129e-04      7.09930621e-08     -1.05283264e-03     -1.22119283e-05      7.55255336e-06
0.405000          1.24070411e-04      8.31571465e-04      3.38509041e-04      7.44040079e-08     -1.04124607e-03     -1.25118515e-05      7.67342242e-06
0.410000          1.25213399e-04      8.27437036e-04      3.32714894e-04      7.76207197e-08     -1.03002613e-03     -1.27734806e-05      7.78345619e-06
0.415000          1.26096031e-04      8.22453423e-04      3.27077178e-04      8.03392282e-08     -1.01840892e-03     -1.29705979e-05      7.86460772e-06
0.420000          1.26702149e-04      8.16288770e-04      3.21407535e-04      8.23507189e-08     -1.00589508e-03     -1.30860703e-05      7.90464408e-06
0.425000          1.27040155e-04      8.08875754e-04      3.15633448e-04      8.35728492e-08     -9.92336840e-04     -1.31148395e-05      7.89905995e-06
0.430000          1.27120154e-04      8.00165346e-04      3.09690408e-04      8.39320232e-08     -9.77610734e-04     -1.30526822e-05      7.84388444e-06
0.435000          1.26952248e-04      7.90108521e-04      3.03513911e-04      8.33546479e-08     -9.61593310e-04     -1.28953753e-05      7.73514681e-06
0.440000          1.26550604e-04      7.78706090e-04      2.97062475e-04      8.18088232e-08     -9.44228911e-04     -1.26417979e-05      7.57093982e-06
0.445000          1.25943663e-04      7.66133872e-04      2.90375477e-04      7.94090660e-08     -9.25699975e-04     -1.23017230e-05      7.35660281e-06
0.450000          1.25162994e-04      7.52606086e-04      2.83510032e-04      7.63020162e-08     -9.06241177e-04     -1.18873138e-05      7.09906500e-06
0.455000          1.24240171e-04      7.38336949e-04      2.76523256e-04      7.26343140e-08     -8.86087190e-04     -1.14107333e-05      6.80525561e-06
0.460000          1.23207451e-04      7.23547238e-04      2.69475121e-04      6.85573794e-08     -8.65481314e-04     -1.08845062e-05      6.48235550e-06
0.465000          1.22104308e-04      7.08526492e-04      2.62455547e-04      6.42727366e-08     -8.44757239e-04     -1.03249468e-05      6.14018321e-06
0.470000          1.20974521e-04      6.93605295e-04      2.55572327e-04      6.00118172e-08     -8.24302613e-04     -9.75063092e-06      5.79013172e-06
0.475000          1.19861926e-04      6.79114780e-04      2.48933494e-04      5.60064531e-08     -8.04505804e-04     -9.18016505e-06      5.44361506e-06
0.480000          1.18809908e-04      6.65382180e-04      2.42645643e-04      5.24858200e-08     -7.85750362e-04     -8.63196922e-06      5.11193112e-06
0.485000          1.17837359e-04      6.52523424e-04      2.36737347e-04      4.95351741e-08     -7.68158661e-04     -8.11436901e-06      4.80008279e-06
0.490000          1.16926646e-04      6.40339330e-04      2.31120837e-04      4.70251496e-08     -7.51463596e-04     -7.62063653e-06      4.50368551e-06
0.495000          1.16057157e-04      6.28605011e-04      2.25698850e-04      4.48088727e-08     -7.35366286e-04     -7.14281586e-06      4.21758893e-06
0.500000          1.15208280e-04      6.17095579e-04      2.20374125e-04      4.27394696e-08     -7.19567856e-04     -6.67295110e-06      3.93664271e-06
