Version.......................................................... : 2.6 from 29 Jan 2020
Run at........................................................... : isabelsmacbookpro.local on Thu Oct 16 14:25:01 2025
Command-line arguments........................................... : /Users/isabelvinterbladh/Downloads/Pepsi-SAXS SASDAW3_fit1_model1.pdb 
========================Reading PDB file=========================
Read PDB file.................................................... : SASDAW3_fit1_model1.pdb
Number of chains read............................................ : 3
Number of atoms read............................................. : 5362
====================Analysing input PDB data=====================
Geometric center at.............................................. : [3.23156 A, 3.23156 A, 0 A]
Radius of gyration............................................... : 40.4821 A
Maximum extension from the center................................ : 80.8628 A
Number of residues............................................... : 648
Chemical formula................................................. : C3392H5394N964O988S18
Expected formula................................................. : C3392H5394N964O988S18 (different by 0.00%)
Total molecular weight........................................... : 76.0631 kDa
Molecular concentration.......................................... : 1 mg/mL
Intensity scaling................................................ : 6.28696e-10
==================Computing the hydration layer==================
Accessible solvent radius........................................ : 3 A
Width of the hydration shell..................................... : 5 A
Number of points in the hydration shell.......................... : 2007
Radius of gyration of the hydration shell........................ : 47.1388 A
Radius of gyration of the envelope............................... : 43.5666 A
=========================Initialization==========================
Angular units.................................................... : 1/A, q = 4pi sin(theta)/lambda
Maximum scattering angle......................................... : 0.5
Estimated resolution............................................. : 12.5664 A
Number of points in the output curve............................. : 101
Maximum number of processors..................................... : 12
Number of processors online...................................... : 12
Number of processors used........................................ : 12
Estimated minimal expansion order of spherical harmonics......... : 24
Actually used order of spherical harmonics....................... : 24
====================Initializing form factors====================
Number of X-ray atom groups used................................. : 69
==========Computing amplitudes for the hydration shell===========
=========Computing atomic and excluded volume amplitudes=========
Number of atomic groups.......................................... : 5362
Average radius of the atomic group............................... : 1.62149 A
Total number of electrons........................................ : 40622.3
Displaced (Dry) Volume........................................... : 95755.2 A^3
======================Computing intensities======================
Bulk SLD......................................................... : 3.34 x10e-6/A^2
Simulated contrast of the solvation shell........................ : 5.50898 %
d_rho............................................................ : 0.0184 e/A^3
r0............................................................... : 1.62149 A^3
======================Computing intensities======================
Bulk SLD......................................................... : 3.34 x10e-6/A^2
=====================Writing the output file=====================
Output file name................................................. : SASDAW3_fit1_model1.out
Log file name.................................................... : SASDAW3_fit1_model1.log
=================================================================
=========================== Timing : ============================
=================================================================
Parsing arguments................................................ : 0.00416149 s
Reading PDB file................................................. : 0.00326391 s
Analysing input PDB data......................................... : 0.00304949 s
Computing the hydration layer.................................... : 0.0034182 s
Initialization................................................... : 0.000393874 s
Initializing form factors........................................ : 0.00198633 s
Computing amplitudes for the hydration shell..................... : 0.0183859 s
Computing atomic and excluded volume amplitudes.................. : 0.0501767 s
Computing intensities............................................ : 9.3333e-05 s
Computing intensities............................................ : 9.6542e-05 s
Writing the output file.......................................... : 0.000633914 s
.................................................................
Total time : .................................................... : 0.0856618 s
=================================================================
