# Pepsi-SAXS version 3.5 from July 2022
# Run at ip78-122.eduroam-employee.wireless.lu.se on Fri Sep 26 10:58:13 2025
# Command-line arguments: /Users/isabelvinterbladh/Documents/GitLab/pepsi/build-isabel-macbookpro/Debug/Pepsi-SAXS /Users/isabelvinterbladh/Documents/GitLab/ala.pdb 
# Intensities are written in cm-1
# r0:   1.61 d_rho:   0.06
#     q                   I                 Iat                 Iev                 Ihs            <AatAev>            <AatAhs>            <AevAhs>
0.000000          1.30378761e-04      9.70854605e-04      5.67539930e-04      1.66701432e-05     -1.48458581e-03      2.54434945e-04     -1.94535055e-04
0.005000          1.30253714e-04      9.70574790e-04      5.67231142e-04      1.66004897e-05     -1.48395211e-03      2.53869468e-04     -1.94070069e-04
0.010000          1.30127512e-04      9.70291990e-04      5.66919119e-04      1.65302651e-05     -1.48331172e-03      2.53298497e-04     -1.93600642e-04
0.015000          1.29999001e-04      9.70003218e-04      5.66600628e-04      1.64588985e-05     -1.48265794e-03      2.52716535e-04     -1.93122336e-04
0.020000          1.29867025e-04      9.69705488e-04      5.66272434e-04      1.63858187e-05     -1.48198409e-03      2.52118088e-04     -1.92630709e-04
0.025000          1.29730430e-04      9.69395814e-04      5.65931303e-04      1.63104547e-05     -1.48128348e-03      2.51497661e-04     -1.92121322e-04
0.030000          1.29588062e-04      9.69071211e-04      5.65574001e-04      1.62322355e-05     -1.48054941e-03      2.50849759e-04     -1.91589735e-04
0.035000          1.29438764e-04      9.68728693e-04      5.65197293e-04      1.61505899e-05     -1.47977519e-03      2.50168887e-04     -1.91031507e-04
0.040000          1.29281383e-04      9.68365273e-04      5.64797946e-04      1.60649471e-05     -1.47895413e-03      2.49449549e-04     -1.90442199e-04
0.045000          1.29114763e-04      9.67977966e-04      5.64372724e-04      1.59747358e-05     -1.47807954e-03      2.48686252e-04     -1.89817370e-04
0.050000          1.28937751e-04      9.67563785e-04      5.63918394e-04      1.58793851e-05     -1.47714473e-03      2.47873498e-04     -1.89152580e-04
0.055000          1.28749190e-04      9.67119746e-04      5.63431721e-04      1.57783239e-05     -1.47614301e-03      2.47005795e-04     -1.88443389e-04
0.060000          1.28547927e-04      9.66642862e-04      5.62909471e-04      1.56709812e-05     -1.47506767e-03      2.46077646e-04     -1.87685358e-04
0.065000          1.28332807e-04      9.66130147e-04      5.62348410e-04      1.55567859e-05     -1.47391205e-03      2.45083556e-04     -1.86874046e-04
0.070000          1.28102674e-04      9.65578615e-04      5.61745304e-04      1.54351670e-05     -1.47266943e-03      2.44018031e-04     -1.86005012e-04
0.075000          1.27856374e-04      9.64985280e-04      5.61096918e-04      1.53055534e-05     -1.47133313e-03      2.42875575e-04     -1.85073818e-04
0.080000          1.27592752e-04      9.64347157e-04      5.60400017e-04      1.51673741e-05     -1.46989647e-03      2.41650694e-04     -1.84076022e-04
0.085000          1.27310654e-04      9.63661259e-04      5.59651369e-04      1.50200580e-05     -1.46835274e-03      2.40337893e-04     -1.83007185e-04
0.090000          1.27008924e-04      9.62924601e-04      5.58847738e-04      1.48630341e-05     -1.46669526e-03      2.38931675e-04     -1.81862867e-04
0.095000          1.26686408e-04      9.62134196e-04      5.57985890e-04      1.46957312e-05     -1.46491733e-03      2.37426547e-04     -1.80638628e-04
0.100000          1.26341950e-04      9.61287060e-04      5.57062591e-04      1.45175785e-05     -1.46301227e-03      2.35817013e-04     -1.79330026e-04
0.105000          1.25974742e-04      9.60380871e-04      5.56075367e-04      1.43282039e-05     -1.46097491e-03      2.34099101e-04     -1.77933889e-04
0.110000          1.25585348e-04      9.59415978e-04      5.55024784e-04      1.41280317e-05     -1.45880628e-03      2.32274931e-04     -1.76452101e-04
0.115000          1.25174682e-04      9.58393393e-04      5.53912168e-04      1.39176852e-05     -1.45650890e-03      2.30348145e-04     -1.74887814e-04
0.120000          1.24743652e-04      9.57314128e-04      5.52738845e-04      1.36977879e-05     -1.45408531e-03      2.28322385e-04     -1.73244178e-04
0.125000          1.24293171e-04      9.56179198e-04      5.51506141e-04      1.34689630e-05     -1.45153808e-03      2.26201293e-04     -1.71524346e-04
0.130000          1.23824151e-04      9.54989614e-04      5.50215383e-04      1.32318340e-05     -1.44886972e-03      2.23988512e-04     -1.69731468e-04
0.135000          1.23337500e-04      9.53746391e-04      5.48867896e-04      1.29870243e-05     -1.44608280e-03      2.21687684e-04     -1.67868695e-04
0.140000          1.22834132e-04      9.52450541e-04      5.47465006e-04      1.27351571e-05     -1.44317985e-03      2.19302452e-04     -1.65939178e-04
0.145000          1.22314958e-04      9.51103077e-04      5.46008041e-04      1.24768559e-05     -1.44016340e-03      2.16836457e-04     -1.63946069e-04
0.150000          1.21780887e-04      9.49705013e-04      5.44498326e-04      1.22127440e-05     -1.43703602e-03      2.14293342e-04     -1.61892519e-04
0.155000          1.21232832e-04      9.48257361e-04      5.42937187e-04      1.19434448e-05     -1.43380023e-03      2.11676750e-04     -1.59781678e-04
0.160000          1.20671703e-04      9.46761134e-04      5.41325950e-04      1.16695817e-05     -1.43045859e-03      2.08990322e-04     -1.57616699e-04
0.165000          1.20098412e-04      9.45217346e-04      5.39665941e-04      1.13917780e-05     -1.42701362e-03      2.06237702e-04     -1.55400731e-04
0.170000          1.19513869e-04      9.43627009e-04      5.37958488e-04      1.11106571e-05     -1.42346789e-03      2.03422530e-04     -1.53136927e-04
0.175000          1.18918987e-04      9.41991136e-04      5.36204915e-04      1.08268423e-05     -1.41982392e-03      2.00548450e-04     -1.50828437e-04
0.180000          1.18314675e-04      9.40310741e-04      5.34406548e-04      1.05409571e-05     -1.41608426e-03      1.97619104e-04     -1.48478413e-04
0.185000          1.17701846e-04      9.38586837e-04      5.32564715e-04      1.02536247e-05     -1.41225146e-03      1.94638135e-04     -1.46090005e-04
0.190000          1.17081409e-04      9.36820436e-04      5.30680741e-04      9.96546862e-06     -1.40832805e-03      1.91609183e-04     -1.43666365e-04
0.195000          1.16454277e-04      9.35012552e-04      5.28755953e-04      9.67711214e-06     -1.40431659e-03      1.88535893e-04     -1.41210644e-04
0.200000          1.15821360e-04      9.33164198e-04      5.26791676e-04      9.38917866e-06     -1.40021960e-03      1.85421906e-04     -1.38725993e-04
0.205000          1.15183482e-04      9.31276250e-04      5.24789079e-04      9.10222727e-06     -1.39603933e-03      1.82270529e-04     -1.36215276e-04
0.210000          1.14541111e-04      9.29349040e-04      5.22748702e-04      8.81656006e-06     -1.39177672e-03      1.79083732e-04     -1.33680207e-04
0.215000          1.13894628e-04      9.27382765e-04      5.20670927e-04      8.53241486e-06     -1.38743241e-03      1.75863148e-04     -1.31122213e-04
0.220000          1.13244415e-04      9.25377620e-04      5.18556136e-04      8.25002949e-06     -1.38300706e-03      1.72610410e-04     -1.28542721e-04
0.225000          1.12590851e-04      9.23333800e-04      5.16404712e-04      7.96964178e-06     -1.37850130e-03      1.69327154e-04     -1.25943158e-04
0.230000          1.11934318e-04      9.21251501e-04      5.14217037e-04      7.69148956e-06     -1.37391577e-03      1.66015012e-04     -1.23324950e-04
0.235000          1.11275197e-04      9.19130920e-04      5.11993492e-04      7.41581066e-06     -1.36925112e-03      1.62675619e-04     -1.20689525e-04
0.240000          1.10613869e-04      9.16972251e-04      5.09734460e-04      7.14284290e-06     -1.36450798e-03      1.59310609e-04     -1.18038310e-04
0.245000          1.09950715e-04      9.14775690e-04      5.07440323e-04      6.87282411e-06     -1.35968701e-03      1.55921614e-04     -1.15372731e-04
0.250000          1.09286114e-04      9.12541434e-04      5.05111464e-04      6.60599211e-06     -1.35478883e-03      1.52510270e-04     -1.12694215e-04
0.255000          1.08620449e-04      9.10269678e-04      5.02748265e-04      6.34258473e-06     -1.34981410e-03      1.49078209e-04     -1.10004190e-04
0.260000          1.07954100e-04      9.07960616e-04      5.00351107e-04      6.08283981e-06     -1.34476345e-03      1.45627067e-04     -1.07304082e-04
0.265000          1.07287448e-04      9.05614447e-04      4.97920373e-04      5.82699516e-06     -1.33963753e-03      1.42158476e-04     -1.04595317e-04
0.270000          1.06620874e-04      9.03231364e-04      4.95456446e-04      5.57528861e-06     -1.33443697e-03      1.38674070e-04     -1.01879324e-04
0.275000          1.05954759e-04      9.00811563e-04      4.92959707e-04      5.32795799e-06     -1.32916242e-03      1.35175484e-04     -9.91575285e-05
0.280000          1.05289483e-04      8.98355241e-04      4.90430539e-04      5.08524113e-06     -1.32381453e-03      1.31664351e-04     -9.64313577e-05
0.285000          1.04625428e-04      8.95862593e-04      4.87869323e-04      4.84737586e-06     -1.31839393e-03      1.28142305e-04     -9.37022386e-05
0.290000          1.03962974e-04      8.93333815e-04      4.85276442e-04      4.61459999e-06     -1.31290127e-03      1.24610980e-04     -9.09715979e-05
0.295000          1.03302503e-04      8.90769102e-04      4.82652279e-04      4.38715136e-06     -1.30733718e-03      1.21072010e-04     -8.82408628e-05
0.300000          1.02644394e-04      8.88168650e-04      4.79997215e-04      4.16526780e-06     -1.30170231e-03      1.17527028e-04     -8.55114599e-05
0.305000          1.01989067e-04      8.85532651e-04      4.77311692e-04      3.94915900e-06     -1.29599737e-03      1.13977920e-04     -8.27849844e-05
0.310000          1.01337088e-04      8.82861280e-04      4.74596391e-04      3.73892216e-06     -1.29022338e-03      1.10427573e-04     -8.00637030e-05
0.315000          1.00689062e-04      8.80154709e-04      4.71852053e-04      3.53462637e-06     -1.28438140e-03      1.06879127e-04     -7.73500508e-05
0.320000          1.00045593e-04      8.77413108e-04      4.69079416e-04      3.33634068e-06     -1.27847253e-03      1.03335720e-04     -7.46464627e-05
0.325000          9.94072863e-05      8.74636649e-04      4.66279222e-04      3.14413417e-06     -1.27249784e-03      9.98004932e-05     -7.19553737e-05
0.330000          9.87747455e-05      8.71825504e-04      4.63452211e-04      2.95807592e-06     -1.26645841e-03      9.62765842e-05     -6.92792188e-05
0.335000          9.81485753e-05      8.68979843e-04      4.60599123e-04      2.77823500e-06     -1.26035533e-03      9.27671325e-05     -6.66204329e-05
0.340000          9.75293803e-05      8.66099838e-04      4.57720698e-04      2.60468048e-06     -1.25418966e-03      8.92752774e-05     -6.39814510e-05
0.345000          9.69177647e-05      8.63185660e-04      4.54817677e-04      2.43748144e-06     -1.24796250e-03      8.58041578e-05     -6.13647080e-05
0.350000          9.63143331e-05      8.60237481e-04      4.51890799e-04      2.27670694e-06     -1.24167493e-03      8.23569130e-05     -5.87726389e-05
0.355000          9.57196898e-05      8.57255472e-04      4.48940805e-04      2.12242607e-06     -1.23532802e-03      7.89366822e-05     -5.62076786e-05
0.360000          9.51344395e-05      8.54239803e-04      4.45968436e-04      1.97470788e-06     -1.22892285e-03      7.55466045e-05     -5.36722622e-05
0.365000          9.45591864e-05      8.51190647e-04      4.42974431e-04      1.83362147e-06     -1.22246051e-03      7.21898189e-05     -5.11688246e-05
0.370000          9.39945350e-05      8.48108174e-04      4.39959531e-04      1.69923589e-06     -1.21594207e-03      6.88694648e-05     -4.86998007e-05
0.375000          9.34410897e-05      8.44992557e-04      4.36924475e-04      1.57162023e-06     -1.20936862e-03      6.55886813e-05     -4.62676255e-05
0.380000          9.28994551e-05      8.41843965e-04      4.33870005e-04      1.45084355e-06     -1.20274123e-03      6.23506074e-05     -4.38747340e-05
0.385000          9.23702356e-05      8.38662572e-04      4.30796860e-04      1.33697493e-06     -1.19606099e-03      5.91583823e-05     -4.15235611e-05
0.390000          9.18540355e-05      8.35448547e-04      4.27705781e-04      1.23008344e-06     -1.18932898e-03      5.60151453e-05     -3.92165418e-05
0.395000          9.13514593e-05      8.32202062e-04      4.24597508e-04      1.13023816e-06     -1.18254627e-03      5.29240354e-05     -3.69561111e-05
0.400000          9.08631115e-05      8.28923288e-04      4.21472781e-04      1.03750815e-06     -1.17571395e-03      4.98881918e-05     -3.47447039e-05
0.405000          9.03893722e-05      8.25612636e-04      4.18332347e-04      9.51891115e-07     -1.16883333e-03      4.69097437e-05     -3.25839205e-05
0.410000          8.99297241e-05      8.22271473e-04      4.15176986e-04      8.73099210e-07     -1.16190659e-03      4.39867808e-05     -3.04720226e-05
0.415000          8.94834255e-05      8.18901404e-04      4.12007482e-04      8.00773220e-07     -1.15493618e-03      4.11163828e-05     -2.84064374e-05
0.420000          8.90497348e-05      8.15504036e-04      4.08824622e-04      7.34553928e-07     -1.14792451e-03      3.82956294e-05     -2.63845919e-05
0.425000          8.86279103e-05      8.12080974e-04      4.05629191e-04      6.74082116e-07     -1.14087402e-03      3.55216004e-05     -2.44039132e-05
0.430000          8.82172105e-05      8.08633823e-04      4.02421975e-04      6.18998567e-07     -1.13378713e-03      3.27913754e-05     -2.24618283e-05
0.435000          8.78168936e-05      8.05164191e-04      3.99203759e-04      5.68944062e-07     -1.12666627e-03      3.01020343e-05     -2.05557644e-05
0.440000          8.74262181e-05      8.01673682e-04      3.95975329e-04      5.23559386e-07     -1.11951386e-03      2.74506567e-05     -1.86831484e-05
0.445000          8.70444422e-05      7.98163903e-04      3.92737471e-04      4.82485320e-07     -1.11233233e-03      2.48343224e-05     -1.68414076e-05
0.450000          8.66708244e-05      7.94636460e-04      3.89490970e-04      4.45362646e-07     -1.10512411e-03      2.22501110e-05     -1.50279689e-05
0.455000          8.63046230e-05      7.91092957e-04      3.86236613e-04      4.11832147e-07     -1.09789162e-03      1.96951024e-05     -1.32402595e-05
0.460000          8.59450964e-05      7.87535002e-04      3.82975184e-04      3.81534606e-07     -1.09063729e-03      1.71663763e-05     -1.14757064e-05
0.465000          8.55915028e-05      7.83964200e-04      3.79707470e-04      3.54110806e-07     -1.08336355e-03      1.46610123e-05     -9.73173664e-06
0.470000          8.52431008e-05      7.80382157e-04      3.76434257e-04      3.29201527e-07     -1.07607283e-03      1.21760902e-05     -8.00577737e-06
0.475000          8.48991486e-05      7.76790479e-04      3.73156329e-04      3.06447554e-07     -1.06876754e-03      9.70868976e-06     -6.29525565e-06
0.480000          8.45589047e-05      7.73190772e-04      3.69874472e-04      2.85489669e-07     -1.06145012e-03      7.25589068e-06     -4.59759854e-06
0.485000          8.42216273e-05      7.69584641e-04      3.66589473e-04      2.65968653e-07     -1.05412299e-03      4.81477268e-06     -2.91023313e-06
0.490000          8.38865748e-05      7.65973692e-04      3.63302117e-04      2.47525290e-07     -1.04678859e-03      2.38241550e-06     -1.23058650e-06
0.495000          8.35530056e-05      7.62359532e-04      3.60013190e-04      2.29800362e-07     -1.03944933e-03     -4.41011318e-08      4.43914293e-07
0.500000          8.32201780e-05      7.58743765e-04      3.56723477e-04      2.12434652e-07     -1.03210764e-03     -2.46769749e-06      2.11584216e-06
